200608 235647.126|CONFIG|AWT-EventQueue-0|setFileHandlers|Now logging to C:\Users\Pham Thanh\Desktop\pc2Client\bin\logs directory.
200608 235647.126|INFO|AWT-EventQueue-0|info|
200608 235647.126|INFO|AWT-EventQueue-0|info|Version 9.6.0 20190102 (Wednesday, January 2nd 2019 01:20 UTC) Java ver 1.8.0_251 build 5102 Windows 10 10.0 (amd64) 
200608 235647.126|INFO|AWT-EventQueue-0|info|Login: 0339 (aka team339)
200608 235647.126|INFO|AWT-EventQueue-0|startLog|Working directory is C:\Users\Pham Thanh\Desktop\pc2Client\bin
200608 235647.126|INFO|AWT-EventQueue-0|startLog|Process id is 8832@DESKTOP-3OGIROS
200608 235647.126|INFO|AWT-EventQueue-0|info|Contacting server at 203.162.88.119:50002 as TEAM339 @ site 0
200608 235647.126|INFO|AWT-EventQueue-0|info|sendLoginRequest start - sending from TEAM339 @ site 0
200608 235647.126|INFO|AWT-EventQueue-0|sendToLocalServer|Sending packet to server Packet[LOGIN_REQUEST] #1 TEAM339 @ site 0 -> SERVER0 @ site 0
200608 235647.126|INFO|Thread-4|run|send(Serializable)
200608 235647.142|INFO|AWT-EventQueue-0|sendToLocalServer|Sent    packet to server Packet[LOGIN_REQUEST] #1 TEAM339 @ site 0 -> SERVER0 @ site 0
200608 235647.142|INFO|AWT-EventQueue-0|info|sendLoginRequest end - packet sent.
200608 235647.270|INFO|Thread-1|receive|public void receive(SealedObject TransportPacket, ConnectionHandlerID connectionHandlerID)
200608 235647.371|INFO|Thread-5|info| receiveObject(S) start got Packet[LOGIN_SUCCESS] #48627 SERVER0 @ site 1 -> TEAM339 @ site 1
200608 235647.371|INFO|Thread-5|dumpPacket|Packet LOGIN_SUCCESS (Seq #48627, o#48627 ) recieveObject
200608 235647.371|INFO|Thread-5|dumpPacket|  From: SERVER0 @ site 1, oSERVER0 @ site 1 (CNTT1-ACM1 @ 10.99.3.97) (Contest Id: Default-7742730052865732441)
200608 235647.372|INFO|Thread-5|dumpPacket|    To: TEAM339 @ site 1
200608 235647.372|INFO|Thread-5|dumpPacket|   key: CLARIFICATION_LIST is: [Ledu.csus.ecs.pc2.core.model.Clarification; [Ledu.csus.ecs.pc2.core.model.Clarification;@59020254
200608 235647.372|INFO|Thread-5|dumpPacket|   key: JUDGEMENT_LIST is: [Ledu.csus.ecs.pc2.core.model.Judgement; [Ledu.csus.ecs.pc2.core.model.Judgement;@57c5f704
200608 235647.372|INFO|Thread-5|dumpPacket|   key: GENERAL_PROBLEM is: edu.csus.ecs.pc2.core.model.Problem General
200608 235647.372|INFO|Thread-5|dumpPacket|   key: LANGUAGE_LIST is: [Ledu.csus.ecs.pc2.core.model.Language; [Ledu.csus.ecs.pc2.core.model.Language;@53fa6924
200608 235647.372|INFO|Thread-5|dumpPacket|   key: SITE_LIST is: [Ledu.csus.ecs.pc2.core.model.Site; [Ledu.csus.ecs.pc2.core.model.Site;@16f8fd3f
200608 235647.372|INFO|Thread-5|dumpPacket|   key: GROUP_LIST is: [Ledu.csus.ecs.pc2.core.model.Group; [Ledu.csus.ecs.pc2.core.model.Group;@5fa15d16
200608 235647.373|INFO|Thread-5|dumpPacket|   key: CONTEST_TIME_LIST is: [Ledu.csus.ecs.pc2.core.model.ContestTime; [Ledu.csus.ecs.pc2.core.model.ContestTime;@2724ec31
200608 235647.373|INFO|Thread-5|dumpPacket|   key: CONTEST_INFORMATION is: edu.csus.ecs.pc2.core.model.ContestInformation edu.csus.ecs.pc2.core.model.ContestInformation@279712b8
200608 235647.373|INFO|Thread-5|dumpPacket|   key: CONTEST_TIME is: edu.csus.ecs.pc2.core.model.ContestTime edu.csus.ecs.pc2.core.model.ContestTime@76d70270
200608 235647.373|INFO|Thread-5|dumpPacket|   key: REMOTE_LOGGED_IN_USERS is: [Ledu.csus.ecs.pc2.core.model.ClientId; [Ledu.csus.ecs.pc2.core.model.ClientId;@234ba851
200608 235647.373|INFO|Thread-5|dumpPacket|   key: CONNECTION_HANDLE_ID_LIST is: [Ledu.csus.ecs.pc2.core.transport.ConnectionHandlerID; [Ledu.csus.ecs.pc2.core.transport.ConnectionHandlerID;@230e9d6d
200608 235647.373|INFO|Thread-5|dumpPacket|   key: BALLOON_SETTINGS_LIST is: [Ledu.csus.ecs.pc2.core.model.BalloonSettings; [Ledu.csus.ecs.pc2.core.model.BalloonSettings;@3c935966
200608 235647.374|INFO|Thread-5|dumpPacket|   key: PROFILE is: edu.csus.ecs.pc2.core.model.Profile Default-2581089328514235556
200608 235647.374|INFO|Thread-5|dumpPacket|   key: RUN_LIST is: [Ledu.csus.ecs.pc2.core.model.Run; [Ledu.csus.ecs.pc2.core.model.Run;@72991806
200608 235647.374|INFO|Thread-5|dumpPacket|   key: PROFILE_LIST is: [Ledu.csus.ecs.pc2.core.model.Profile; [Ledu.csus.ecs.pc2.core.model.Profile;@c6e2f24
200608 235647.374|INFO|Thread-5|dumpPacket|   key: LOCAL_LOGGED_IN_USERS is: [Ledu.csus.ecs.pc2.core.model.ClientId; [Ledu.csus.ecs.pc2.core.model.ClientId;@5b5c3e31
200608 235647.375|INFO|Thread-5|dumpPacket|   key: ACCOUNT_ARRAY is: [Ledu.csus.ecs.pc2.core.model.Account; [Ledu.csus.ecs.pc2.core.model.Account;@7da21455
200608 235647.375|INFO|Thread-5|dumpPacket|   key: CLIENT_SETTINGS_LIST is: [Ledu.csus.ecs.pc2.core.model.ClientSettings; [Ledu.csus.ecs.pc2.core.model.ClientSettings;@47c16acf
200608 235647.375|INFO|Thread-5|dumpPacket|   key: SITE_NUMBER is: java.lang.Integer 1
200608 235647.375|INFO|Thread-5|dumpPacket|   key: SERVER_CLOCK_OFFSET is: java.util.GregorianCalendar java.util.GregorianCalendar[time=1591635408505,areFieldsSet=true,areAllFieldsSet=false,lenient=true,zone=sun.util.calendar.ZoneInfo[id="GMT",offset=0,dstSavings=0,useDaylight=false,transitions=0,lastRule=null],firstDayOfWeek=1,minimalDaysInFirstWeek=1,ERA=1,YEAR=2020,MONTH=5,WEEK_OF_YEAR=24,WEEK_OF_MONTH=2,DAY_OF_MONTH=8,DAY_OF_YEAR=160,DAY_OF_WEEK=2,DAY_OF_WEEK_IN_MONTH=2,AM_PM=1,HOUR=4,HOUR_OF_DAY=16,MINUTE=56,SECOND=48,MILLISECOND=505,ZONE_OFFSET=0,DST_OFFSET=0]
200608 235647.377|INFO|Thread-5|dumpPacket|   key: CATEGORY_LIST is: [Ledu.csus.ecs.pc2.core.model.Category; [Ledu.csus.ecs.pc2.core.model.Category;@3aab7a1c
200608 235647.377|INFO|Thread-5|dumpPacket|   key: PROBLEM_DATA_FILES is: [Ledu.csus.ecs.pc2.core.model.ProblemDataFiles; [Ledu.csus.ecs.pc2.core.model.ProblemDataFiles;@3c66ce
200608 235647.378|INFO|Thread-5|dumpPacket|   key: CONTEST_IDENTIFIER is: java.lang.String Default-7742730052865732441
200608 235647.378|INFO|Thread-5|dumpPacket|   key: CLIENT_ID is: edu.csus.ecs.pc2.core.model.ClientId TEAM339 @ site 1
200608 235647.378|INFO|Thread-5|dumpPacket|   key: PROBLEM_LIST is: [Ledu.csus.ecs.pc2.core.model.Problem; [Ledu.csus.ecs.pc2.core.model.Problem;@6d51da20
200608 235647.378|INFO|Thread-5|info|handlePacket start Packet[LOGIN_SUCCESS] #48627 SERVER0 @ site 1 -> TEAM339 @ site 1
200608 235647.379|INFO|Thread-5|dumpPacket|Packet LOGIN_SUCCESS (Seq #48627, o#48627 ) handlePacket
200608 235647.379|INFO|Thread-5|dumpPacket|  From: SERVER0 @ site 1, oSERVER0 @ site 1 (CNTT1-ACM1 @ 10.99.3.97) (Contest Id: Default-7742730052865732441)
200608 235647.379|INFO|Thread-5|dumpPacket|    To: TEAM339 @ site 1
200608 235647.379|INFO|Thread-5|dumpPacket|   key: CLARIFICATION_LIST is: [Ledu.csus.ecs.pc2.core.model.Clarification; [Ledu.csus.ecs.pc2.core.model.Clarification;@59020254
200608 235647.379|INFO|Thread-5|dumpPacket|   key: JUDGEMENT_LIST is: [Ledu.csus.ecs.pc2.core.model.Judgement; [Ledu.csus.ecs.pc2.core.model.Judgement;@57c5f704
200608 235647.380|INFO|Thread-5|dumpPacket|   key: GENERAL_PROBLEM is: edu.csus.ecs.pc2.core.model.Problem General
200608 235647.380|INFO|Thread-5|dumpPacket|   key: LANGUAGE_LIST is: [Ledu.csus.ecs.pc2.core.model.Language; [Ledu.csus.ecs.pc2.core.model.Language;@53fa6924
200608 235647.380|INFO|Thread-5|dumpPacket|   key: SITE_LIST is: [Ledu.csus.ecs.pc2.core.model.Site; [Ledu.csus.ecs.pc2.core.model.Site;@16f8fd3f
200608 235647.380|INFO|Thread-5|dumpPacket|   key: GROUP_LIST is: [Ledu.csus.ecs.pc2.core.model.Group; [Ledu.csus.ecs.pc2.core.model.Group;@5fa15d16
200608 235647.381|INFO|Thread-5|dumpPacket|   key: CONTEST_TIME_LIST is: [Ledu.csus.ecs.pc2.core.model.ContestTime; [Ledu.csus.ecs.pc2.core.model.ContestTime;@2724ec31
200608 235647.381|INFO|Thread-5|dumpPacket|   key: CONTEST_INFORMATION is: edu.csus.ecs.pc2.core.model.ContestInformation edu.csus.ecs.pc2.core.model.ContestInformation@279712b8
200608 235647.381|INFO|Thread-5|dumpPacket|   key: CONTEST_TIME is: edu.csus.ecs.pc2.core.model.ContestTime edu.csus.ecs.pc2.core.model.ContestTime@76d70270
200608 235647.381|INFO|Thread-5|dumpPacket|   key: REMOTE_LOGGED_IN_USERS is: [Ledu.csus.ecs.pc2.core.model.ClientId; [Ledu.csus.ecs.pc2.core.model.ClientId;@234ba851
200608 235647.381|INFO|Thread-5|dumpPacket|   key: CONNECTION_HANDLE_ID_LIST is: [Ledu.csus.ecs.pc2.core.transport.ConnectionHandlerID; [Ledu.csus.ecs.pc2.core.transport.ConnectionHandlerID;@230e9d6d
200608 235647.382|INFO|Thread-5|dumpPacket|   key: BALLOON_SETTINGS_LIST is: [Ledu.csus.ecs.pc2.core.model.BalloonSettings; [Ledu.csus.ecs.pc2.core.model.BalloonSettings;@3c935966
200608 235647.382|INFO|Thread-5|dumpPacket|   key: PROFILE is: edu.csus.ecs.pc2.core.model.Profile Default-2581089328514235556
200608 235647.382|INFO|Thread-5|dumpPacket|   key: RUN_LIST is: [Ledu.csus.ecs.pc2.core.model.Run; [Ledu.csus.ecs.pc2.core.model.Run;@72991806
200608 235647.382|INFO|Thread-5|dumpPacket|   key: PROFILE_LIST is: [Ledu.csus.ecs.pc2.core.model.Profile; [Ledu.csus.ecs.pc2.core.model.Profile;@c6e2f24
200608 235647.382|INFO|Thread-5|dumpPacket|   key: LOCAL_LOGGED_IN_USERS is: [Ledu.csus.ecs.pc2.core.model.ClientId; [Ledu.csus.ecs.pc2.core.model.ClientId;@5b5c3e31
200608 235647.382|INFO|Thread-5|dumpPacket|   key: ACCOUNT_ARRAY is: [Ledu.csus.ecs.pc2.core.model.Account; [Ledu.csus.ecs.pc2.core.model.Account;@7da21455
200608 235647.382|INFO|Thread-5|dumpPacket|   key: CLIENT_SETTINGS_LIST is: [Ledu.csus.ecs.pc2.core.model.ClientSettings; [Ledu.csus.ecs.pc2.core.model.ClientSettings;@47c16acf
200608 235647.383|INFO|Thread-5|dumpPacket|   key: SITE_NUMBER is: java.lang.Integer 1
200608 235647.383|INFO|Thread-5|dumpPacket|   key: SERVER_CLOCK_OFFSET is: java.util.GregorianCalendar java.util.GregorianCalendar[time=1591635408505,areFieldsSet=true,areAllFieldsSet=false,lenient=true,zone=sun.util.calendar.ZoneInfo[id="GMT",offset=0,dstSavings=0,useDaylight=false,transitions=0,lastRule=null],firstDayOfWeek=1,minimalDaysInFirstWeek=1,ERA=1,YEAR=2020,MONTH=5,WEEK_OF_YEAR=24,WEEK_OF_MONTH=2,DAY_OF_MONTH=8,DAY_OF_YEAR=160,DAY_OF_WEEK=2,DAY_OF_WEEK_IN_MONTH=2,AM_PM=1,HOUR=4,HOUR_OF_DAY=16,MINUTE=56,SECOND=48,MILLISECOND=505,ZONE_OFFSET=0,DST_OFFSET=0]
200608 235647.383|INFO|Thread-5|dumpPacket|   key: CATEGORY_LIST is: [Ledu.csus.ecs.pc2.core.model.Category; [Ledu.csus.ecs.pc2.core.model.Category;@3aab7a1c
200608 235647.383|INFO|Thread-5|dumpPacket|   key: PROBLEM_DATA_FILES is: [Ledu.csus.ecs.pc2.core.model.ProblemDataFiles; [Ledu.csus.ecs.pc2.core.model.ProblemDataFiles;@3c66ce
200608 235647.383|INFO|Thread-5|dumpPacket|   key: CONTEST_IDENTIFIER is: java.lang.String Default-7742730052865732441
200608 235647.383|INFO|Thread-5|dumpPacket|   key: CLIENT_ID is: edu.csus.ecs.pc2.core.model.ClientId TEAM339 @ site 1
200608 235647.383|INFO|Thread-5|dumpPacket|   key: PROBLEM_LIST is: [Ledu.csus.ecs.pc2.core.model.Problem; [Ledu.csus.ecs.pc2.core.model.Problem;@6d51da20
200705 170003.335|CONFIG|AWT-EventQueue-0|setFileHandlers|Now logging to C:\Users\Pham Thanh\Desktop\CTGL&GT\pc2Client\bin\logs directory.
200705 170003.336|INFO|AWT-EventQueue-0|info|
200705 170003.336|INFO|AWT-EventQueue-0|info|Version 9.6.0 20190102 (Wednesday, January 2nd 2019 01:20 UTC) Java ver 1.8.0_251 build 5102 Windows 10 10.0 (amd64) 
200705 170003.336|INFO|AWT-EventQueue-0|info|Login: 0339 (aka team339)
200705 170003.336|INFO|AWT-EventQueue-0|startLog|Working directory is C:\Users\Pham Thanh\Desktop\CTGL&GT\pc2Client\bin
200705 170003.337|INFO|AWT-EventQueue-0|startLog|Process id is 5096@DESKTOP-3OGIROS
200705 170003.338|INFO|AWT-EventQueue-0|info|Contacting server at 203.162.88.119:53002 as TEAM339 @ site 0
200705 170003.338|INFO|AWT-EventQueue-0|info|sendLoginRequest start - sending from TEAM339 @ site 0
200705 170003.344|INFO|AWT-EventQueue-0|sendToLocalServer|Sending packet to server Packet[LOGIN_REQUEST] #1 TEAM339 @ site 0 -> SERVER0 @ site 0
200705 170003.345|INFO|Thread-4|run|send(Serializable)
200705 170003.347|INFO|AWT-EventQueue-0|sendToLocalServer|Sent    packet to server Packet[LOGIN_REQUEST] #1 TEAM339 @ site 0 -> SERVER0 @ site 0
200705 170003.347|INFO|AWT-EventQueue-0|info|sendLoginRequest end - packet sent.
200705 170003.442|INFO|Thread-1|receive|public void receive(SealedObject TransportPacket, ConnectionHandlerID connectionHandlerID)
200705 170003.540|INFO|Thread-5|info| receiveObject(S) start got Packet[LOGIN_SUCCESS] #62237 SERVER0 @ site 1 -> TEAM339 @ site 1
200705 170003.540|INFO|Thread-5|dumpPacket|Packet LOGIN_SUCCESS (Seq #62237, o#62237 ) recieveObject
200705 170003.541|INFO|Thread-5|dumpPacket|  From: SERVER0 @ site 1, oSERVER0 @ site 1 (CNTT1-ACM1 @ 10.99.3.97) (Contest Id: Default--8781974562601054211)
200705 170003.541|INFO|Thread-5|dumpPacket|    To: TEAM339 @ site 1
200705 170003.541|INFO|Thread-5|dumpPacket|   key: CLARIFICATION_LIST is: [Ledu.csus.ecs.pc2.core.model.Clarification; [Ledu.csus.ecs.pc2.core.model.Clarification;@65678972
200705 170003.541|INFO|Thread-5|dumpPacket|   key: JUDGEMENT_LIST is: [Ledu.csus.ecs.pc2.core.model.Judgement; [Ledu.csus.ecs.pc2.core.model.Judgement;@6ba07bae
200705 170003.541|INFO|Thread-5|dumpPacket|   key: GENERAL_PROBLEM is: edu.csus.ecs.pc2.core.model.Problem General
200705 170003.542|INFO|Thread-5|dumpPacket|   key: LANGUAGE_LIST is: [Ledu.csus.ecs.pc2.core.model.Language; [Ledu.csus.ecs.pc2.core.model.Language;@6f9fe202
200705 170003.542|INFO|Thread-5|dumpPacket|   key: SITE_LIST is: [Ledu.csus.ecs.pc2.core.model.Site; [Ledu.csus.ecs.pc2.core.model.Site;@2a9d7195
200705 170003.542|INFO|Thread-5|dumpPacket|   key: GROUP_LIST is: [Ledu.csus.ecs.pc2.core.model.Group; [Ledu.csus.ecs.pc2.core.model.Group;@73e851ad
200705 170003.542|INFO|Thread-5|dumpPacket|   key: CONTEST_TIME_LIST is: [Ledu.csus.ecs.pc2.core.model.ContestTime; [Ledu.csus.ecs.pc2.core.model.ContestTime;@1b7d3975
200705 170003.542|INFO|Thread-5|dumpPacket|   key: CONTEST_INFORMATION is: edu.csus.ecs.pc2.core.model.ContestInformation edu.csus.ecs.pc2.core.model.ContestInformation@be247ea
200705 170003.542|INFO|Thread-5|dumpPacket|   key: CONTEST_TIME is: edu.csus.ecs.pc2.core.model.ContestTime edu.csus.ecs.pc2.core.model.ContestTime@4ab28eda
200705 170003.543|INFO|Thread-5|dumpPacket|   key: REMOTE_LOGGED_IN_USERS is: [Ledu.csus.ecs.pc2.core.model.ClientId; [Ledu.csus.ecs.pc2.core.model.ClientId;@7b66db18
200705 170003.543|INFO|Thread-5|dumpPacket|   key: CONNECTION_HANDLE_ID_LIST is: [Ledu.csus.ecs.pc2.core.transport.ConnectionHandlerID; [Ledu.csus.ecs.pc2.core.transport.ConnectionHandlerID;@922e390
200705 170003.543|INFO|Thread-5|dumpPacket|   key: BALLOON_SETTINGS_LIST is: [Ledu.csus.ecs.pc2.core.model.BalloonSettings; [Ledu.csus.ecs.pc2.core.model.BalloonSettings;@10e62849
200705 170003.543|INFO|Thread-5|dumpPacket|   key: PROFILE is: edu.csus.ecs.pc2.core.model.Profile Default-5308745562118218649
200705 170003.544|INFO|Thread-5|dumpPacket|   key: RUN_LIST is: [Ledu.csus.ecs.pc2.core.model.Run; [Ledu.csus.ecs.pc2.core.model.Run;@4efcb0d1
200705 170003.544|INFO|Thread-5|dumpPacket|   key: PROFILE_LIST is: [Ledu.csus.ecs.pc2.core.model.Profile; [Ledu.csus.ecs.pc2.core.model.Profile;@38f0c0d
200705 170003.544|INFO|Thread-5|dumpPacket|   key: LOCAL_LOGGED_IN_USERS is: [Ledu.csus.ecs.pc2.core.model.ClientId; [Ledu.csus.ecs.pc2.core.model.ClientId;@1daf518f
200705 170003.544|INFO|Thread-5|dumpPacket|   key: ACCOUNT_ARRAY is: [Ledu.csus.ecs.pc2.core.model.Account; [Ledu.csus.ecs.pc2.core.model.Account;@3c2a9613
200705 170003.544|INFO|Thread-5|dumpPacket|   key: CLIENT_SETTINGS_LIST is: [Ledu.csus.ecs.pc2.core.model.ClientSettings; [Ledu.csus.ecs.pc2.core.model.ClientSettings;@177bd37f
200705 170003.545|INFO|Thread-5|dumpPacket|   key: SITE_NUMBER is: java.lang.Integer 1
200705 170003.545|INFO|Thread-5|dumpPacket|   key: SERVER_CLOCK_OFFSET is: java.util.GregorianCalendar java.util.GregorianCalendar[time=1593943204047,areFieldsSet=true,areAllFieldsSet=false,lenient=true,zone=sun.util.calendar.ZoneInfo[id="GMT",offset=0,dstSavings=0,useDaylight=false,transitions=0,lastRule=null],firstDayOfWeek=1,minimalDaysInFirstWeek=1,ERA=1,YEAR=2020,MONTH=6,WEEK_OF_YEAR=28,WEEK_OF_MONTH=2,DAY_OF_MONTH=5,DAY_OF_YEAR=187,DAY_OF_WEEK=1,DAY_OF_WEEK_IN_MONTH=1,AM_PM=0,HOUR=10,HOUR_OF_DAY=10,MINUTE=0,SECOND=4,MILLISECOND=47,ZONE_OFFSET=0,DST_OFFSET=0]
200705 170003.545|INFO|Thread-5|dumpPacket|   key: CATEGORY_LIST is: [Ledu.csus.ecs.pc2.core.model.Category; [Ledu.csus.ecs.pc2.core.model.Category;@6cef5af9
200705 170003.546|INFO|Thread-5|dumpPacket|   key: PROBLEM_DATA_FILES is: [Ledu.csus.ecs.pc2.core.model.ProblemDataFiles; [Ledu.csus.ecs.pc2.core.model.ProblemDataFiles;@bab5dc2
200705 170003.546|INFO|Thread-5|dumpPacket|   key: CONTEST_IDENTIFIER is: java.lang.String Default--8781974562601054211
200705 170003.546|INFO|Thread-5|dumpPacket|   key: CLIENT_ID is: edu.csus.ecs.pc2.core.model.ClientId TEAM339 @ site 1
200705 170003.546|INFO|Thread-5|dumpPacket|   key: PROBLEM_LIST is: [Ledu.csus.ecs.pc2.core.model.Problem; [Ledu.csus.ecs.pc2.core.model.Problem;@6359c8aa
200705 170003.546|INFO|Thread-5|info|handlePacket start Packet[LOGIN_SUCCESS] #62237 SERVER0 @ site 1 -> TEAM339 @ site 1
200705 170003.547|INFO|Thread-5|dumpPacket|Packet LOGIN_SUCCESS (Seq #62237, o#62237 ) handlePacket
200705 170003.547|INFO|Thread-5|dumpPacket|  From: SERVER0 @ site 1, oSERVER0 @ site 1 (CNTT1-ACM1 @ 10.99.3.97) (Contest Id: Default--8781974562601054211)
200705 170003.547|INFO|Thread-5|dumpPacket|    To: TEAM339 @ site 1
200705 170003.547|INFO|Thread-5|dumpPacket|   key: CLARIFICATION_LIST is: [Ledu.csus.ecs.pc2.core.model.Clarification; [Ledu.csus.ecs.pc2.core.model.Clarification;@65678972
200705 170003.547|INFO|Thread-5|dumpPacket|   key: JUDGEMENT_LIST is: [Ledu.csus.ecs.pc2.core.model.Judgement; [Ledu.csus.ecs.pc2.core.model.Judgement;@6ba07bae
200705 170003.548|INFO|Thread-5|dumpPacket|   key: GENERAL_PROBLEM is: edu.csus.ecs.pc2.core.model.Problem General
200705 170003.548|INFO|Thread-5|dumpPacket|   key: LANGUAGE_LIST is: [Ledu.csus.ecs.pc2.core.model.Language; [Ledu.csus.ecs.pc2.core.model.Language;@6f9fe202
200705 170003.548|INFO|Thread-5|dumpPacket|   key: SITE_LIST is: [Ledu.csus.ecs.pc2.core.model.Site; [Ledu.csus.ecs.pc2.core.model.Site;@2a9d7195
200705 170003.548|INFO|Thread-5|dumpPacket|   key: GROUP_LIST is: [Ledu.csus.ecs.pc2.core.model.Group; [Ledu.csus.ecs.pc2.core.model.Group;@73e851ad
200705 170003.549|INFO|Thread-5|dumpPacket|   key: CONTEST_TIME_LIST is: [Ledu.csus.ecs.pc2.core.model.ContestTime; [Ledu.csus.ecs.pc2.core.model.ContestTime;@1b7d3975
200705 170003.549|INFO|Thread-5|dumpPacket|   key: CONTEST_INFORMATION is: edu.csus.ecs.pc2.core.model.ContestInformation edu.csus.ecs.pc2.core.model.ContestInformation@be247ea
200705 170003.549|INFO|Thread-5|dumpPacket|   key: CONTEST_TIME is: edu.csus.ecs.pc2.core.model.ContestTime edu.csus.ecs.pc2.core.model.ContestTime@4ab28eda
200705 170003.549|INFO|Thread-5|dumpPacket|   key: REMOTE_LOGGED_IN_USERS is: [Ledu.csus.ecs.pc2.core.model.ClientId; [Ledu.csus.ecs.pc2.core.model.ClientId;@7b66db18
200705 170003.549|INFO|Thread-5|dumpPacket|   key: CONNECTION_HANDLE_ID_LIST is: [Ledu.csus.ecs.pc2.core.transport.ConnectionHandlerID; [Ledu.csus.ecs.pc2.core.transport.ConnectionHandlerID;@922e390
200705 170003.550|INFO|Thread-5|dumpPacket|   key: BALLOON_SETTINGS_LIST is: [Ledu.csus.ecs.pc2.core.model.BalloonSettings; [Ledu.csus.ecs.pc2.core.model.BalloonSettings;@10e62849
200705 170003.550|INFO|Thread-5|dumpPacket|   key: PROFILE is: edu.csus.ecs.pc2.core.model.Profile Default-5308745562118218649
200705 170003.550|INFO|Thread-5|dumpPacket|   key: RUN_LIST is: [Ledu.csus.ecs.pc2.core.model.Run; [Ledu.csus.ecs.pc2.core.model.Run;@4efcb0d1
200705 170003.550|INFO|Thread-5|dumpPacket|   key: PROFILE_LIST is: [Ledu.csus.ecs.pc2.core.model.Profile; [Ledu.csus.ecs.pc2.core.model.Profile;@38f0c0d
200705 170003.550|INFO|Thread-5|dumpPacket|   key: LOCAL_LOGGED_IN_USERS is: [Ledu.csus.ecs.pc2.core.model.ClientId; [Ledu.csus.ecs.pc2.core.model.ClientId;@1daf518f
200705 170003.550|INFO|Thread-5|dumpPacket|   key: ACCOUNT_ARRAY is: [Ledu.csus.ecs.pc2.core.model.Account; [Ledu.csus.ecs.pc2.core.model.Account;@3c2a9613
200705 170003.551|INFO|Thread-5|dumpPacket|   key: CLIENT_SETTINGS_LIST is: [Ledu.csus.ecs.pc2.core.model.ClientSettings; [Ledu.csus.ecs.pc2.core.model.ClientSettings;@177bd37f
200705 170003.551|INFO|Thread-5|dumpPacket|   key: SITE_NUMBER is: java.lang.Integer 1
200705 170003.551|INFO|Thread-5|dumpPacket|   key: SERVER_CLOCK_OFFSET is: java.util.GregorianCalendar java.util.GregorianCalendar[time=1593943204047,areFieldsSet=true,areAllFieldsSet=false,lenient=true,zone=sun.util.calendar.ZoneInfo[id="GMT",offset=0,dstSavings=0,useDaylight=false,transitions=0,lastRule=null],firstDayOfWeek=1,minimalDaysInFirstWeek=1,ERA=1,YEAR=2020,MONTH=6,WEEK_OF_YEAR=28,WEEK_OF_MONTH=2,DAY_OF_MONTH=5,DAY_OF_YEAR=187,DAY_OF_WEEK=1,DAY_OF_WEEK_IN_MONTH=1,AM_PM=0,HOUR=10,HOUR_OF_DAY=10,MINUTE=0,SECOND=4,MILLISECOND=47,ZONE_OFFSET=0,DST_OFFSET=0]
200705 170003.551|INFO|Thread-5|dumpPacket|   key: CATEGORY_LIST is: [Ledu.csus.ecs.pc2.core.model.Category; [Ledu.csus.ecs.pc2.core.model.Category;@6cef5af9
200705 170003.551|INFO|Thread-5|dumpPacket|   key: PROBLEM_DATA_FILES is: [Ledu.csus.ecs.pc2.core.model.ProblemDataFiles; [Ledu.csus.ecs.pc2.core.model.ProblemDataFiles;@bab5dc2
200705 170003.551|INFO|Thread-5|dumpPacket|   key: CONTEST_IDENTIFIER is: java.lang.String Default--8781974562601054211
200705 170003.551|INFO|Thread-5|dumpPacket|   key: CLIENT_ID is: edu.csus.ecs.pc2.core.model.ClientId TEAM339 @ site 1
200705 170003.551|INFO|Thread-5|dumpPacket|   key: PROBLEM_LIST is: [Ledu.csus.ecs.pc2.core.model.Problem; [Ledu.csus.ecs.pc2.core.model.Problem;@6359c8aa
200705 170019.381|INFO|Thread-7|run|send(Serializable)
200705 170020.734|INFO|Thread-1|receive|public void receive(SealedObject TransportPacket, ConnectionHandlerID connectionHandlerID)
200705 170026.156|INFO|Thread-1|receive|public void receive(SealedObject TransportPacket, ConnectionHandlerID connectionHandlerID)
200705 231239.985|CONFIG|AWT-EventQueue-0|setFileHandlers|Now logging to C:\Users\Pham Thanh\Desktop\CTGL&GT\pc2Client\bin\logs directory.
200705 231239.985|INFO|AWT-EventQueue-0|info|
200705 231239.986|INFO|AWT-EventQueue-0|info|Version 9.6.0 20190102 (Wednesday, January 2nd 2019 01:20 UTC) Java ver 1.8.0_251 build 5102 Windows 10 10.0 (amd64) 
200705 231239.986|INFO|AWT-EventQueue-0|info|Login: 0339 (aka team339)
200705 231239.986|INFO|AWT-EventQueue-0|startLog|Working directory is C:\Users\Pham Thanh\Desktop\CTGL&GT\pc2Client\bin
200705 231239.987|INFO|AWT-EventQueue-0|startLog|Process id is 7304@DESKTOP-3OGIROS
200705 231239.987|INFO|AWT-EventQueue-0|info|Contacting server at 203.162.88.119:53002 as TEAM339 @ site 0
200705 231239.988|INFO|AWT-EventQueue-0|info|sendLoginRequest start - sending from TEAM339 @ site 0
200705 231239.997|INFO|AWT-EventQueue-0|sendToLocalServer|Sending packet to server Packet[LOGIN_REQUEST] #1 TEAM339 @ site 0 -> SERVER0 @ site 0
200705 231240.000|INFO|Thread-4|run|send(Serializable)
200705 231240.002|INFO|AWT-EventQueue-0|sendToLocalServer|Sent    packet to server Packet[LOGIN_REQUEST] #1 TEAM339 @ site 0 -> SERVER0 @ site 0
200705 231240.002|INFO|AWT-EventQueue-0|info|sendLoginRequest end - packet sent.
200705 231240.092|INFO|Thread-1|receive|public void receive(SealedObject TransportPacket, ConnectionHandlerID connectionHandlerID)
200705 231240.200|INFO|Thread-5|info| receiveObject(S) start got Packet[LOGIN_SUCCESS] #63317 SERVER0 @ site 1 -> TEAM339 @ site 1
200705 231240.200|INFO|Thread-5|dumpPacket|Packet LOGIN_SUCCESS (Seq #63317, o#63317 ) recieveObject
200705 231240.201|INFO|Thread-5|dumpPacket|  From: SERVER0 @ site 1, oSERVER0 @ site 1 (CNTT1-ACM1 @ 10.99.3.97) (Contest Id: Default--8781974562601054211)
200705 231240.201|INFO|Thread-5|dumpPacket|    To: TEAM339 @ site 1
200705 231240.201|INFO|Thread-5|dumpPacket|   key: CLARIFICATION_LIST is: [Ledu.csus.ecs.pc2.core.model.Clarification; [Ledu.csus.ecs.pc2.core.model.Clarification;@6d33a4e8
200705 231240.201|INFO|Thread-5|dumpPacket|   key: JUDGEMENT_LIST is: [Ledu.csus.ecs.pc2.core.model.Judgement; [Ledu.csus.ecs.pc2.core.model.Judgement;@63f4473e
200705 231240.201|INFO|Thread-5|dumpPacket|   key: GENERAL_PROBLEM is: edu.csus.ecs.pc2.core.model.Problem General
200705 231240.202|INFO|Thread-5|dumpPacket|   key: LANGUAGE_LIST is: [Ledu.csus.ecs.pc2.core.model.Language; [Ledu.csus.ecs.pc2.core.model.Language;@67cbcf98
200705 231240.202|INFO|Thread-5|dumpPacket|   key: SITE_LIST is: [Ledu.csus.ecs.pc2.core.model.Site; [Ledu.csus.ecs.pc2.core.model.Site;@22c94d05
200705 231240.202|INFO|Thread-5|dumpPacket|   key: GROUP_LIST is: [Ledu.csus.ecs.pc2.core.model.Group; [Ledu.csus.ecs.pc2.core.model.Group;@52adb950
200705 231240.202|INFO|Thread-5|dumpPacket|   key: CONTEST_TIME_LIST is: [Ledu.csus.ecs.pc2.core.model.ContestTime; [Ledu.csus.ecs.pc2.core.model.ContestTime;@13a1c98c
200705 231240.202|INFO|Thread-5|dumpPacket|   key: CONTEST_INFORMATION is: edu.csus.ecs.pc2.core.model.ContestInformation edu.csus.ecs.pc2.core.model.ContestInformation@2a2f636f
200705 231240.202|INFO|Thread-5|dumpPacket|   key: CONTEST_TIME is: edu.csus.ecs.pc2.core.model.ContestTime edu.csus.ecs.pc2.core.model.ContestTime@42e6b24a
200705 231240.203|INFO|Thread-5|dumpPacket|   key: REMOTE_LOGGED_IN_USERS is: [Ledu.csus.ecs.pc2.core.model.ClientId; [Ledu.csus.ecs.pc2.core.model.ClientId;@7dbef47f
200705 231240.203|INFO|Thread-5|dumpPacket|   key: CONNECTION_HANDLE_ID_LIST is: [Ledu.csus.ecs.pc2.core.transport.ConnectionHandlerID; [Ledu.csus.ecs.pc2.core.transport.ConnectionHandlerID;@60ceafed
200705 231240.203|INFO|Thread-5|dumpPacket|   key: BALLOON_SETTINGS_LIST is: [Ledu.csus.ecs.pc2.core.model.BalloonSettings; [Ledu.csus.ecs.pc2.core.model.BalloonSettings;@312b8c80
200705 231240.203|INFO|Thread-5|dumpPacket|   key: PROFILE is: edu.csus.ecs.pc2.core.model.Profile Default-5308745562118218649
200705 231240.203|INFO|Thread-5|dumpPacket|   key: RUN_LIST is: [Ledu.csus.ecs.pc2.core.model.Run; [Ledu.csus.ecs.pc2.core.model.Run;@46a80c0d
200705 231240.203|INFO|Thread-5|dumpPacket|   key: PROFILE_LIST is: [Ledu.csus.ecs.pc2.core.model.Profile; [Ledu.csus.ecs.pc2.core.model.Profile;@4cbf15ab
200705 231240.203|INFO|Thread-5|dumpPacket|   key: LOCAL_LOGGED_IN_USERS is: [Ledu.csus.ecs.pc2.core.model.ClientId; [Ledu.csus.ecs.pc2.core.model.ClientId;@591b6a16
200705 231240.204|INFO|Thread-5|dumpPacket|   key: ACCOUNT_ARRAY is: [Ledu.csus.ecs.pc2.core.model.Account; [Ledu.csus.ecs.pc2.core.model.Account;@34b9a239
200705 231240.204|INFO|Thread-5|dumpPacket|   key: CLIENT_SETTINGS_LIST is: [Ledu.csus.ecs.pc2.core.model.ClientSettings; [Ledu.csus.ecs.pc2.core.model.ClientSettings;@327718c7
200705 231240.204|INFO|Thread-5|dumpPacket|   key: SITE_NUMBER is: java.lang.Integer 1
200705 231240.204|INFO|Thread-5|dumpPacket|   key: SERVER_CLOCK_OFFSET is: java.util.GregorianCalendar java.util.GregorianCalendar[time=1593965560916,areFieldsSet=true,areAllFieldsSet=false,lenient=true,zone=sun.util.calendar.ZoneInfo[id="GMT",offset=0,dstSavings=0,useDaylight=false,transitions=0,lastRule=null],firstDayOfWeek=1,minimalDaysInFirstWeek=1,ERA=1,YEAR=2020,MONTH=6,WEEK_OF_YEAR=28,WEEK_OF_MONTH=2,DAY_OF_MONTH=5,DAY_OF_YEAR=187,DAY_OF_WEEK=1,DAY_OF_WEEK_IN_MONTH=1,AM_PM=1,HOUR=4,HOUR_OF_DAY=16,MINUTE=12,SECOND=40,MILLISECOND=916,ZONE_OFFSET=0,DST_OFFSET=0]
200705 231240.204|INFO|Thread-5|dumpPacket|   key: CATEGORY_LIST is: [Ledu.csus.ecs.pc2.core.model.Category; [Ledu.csus.ecs.pc2.core.model.Category;@6d1516f
200705 231240.205|INFO|Thread-5|dumpPacket|   key: PROBLEM_DATA_FILES is: [Ledu.csus.ecs.pc2.core.model.ProblemDataFiles; [Ledu.csus.ecs.pc2.core.model.ProblemDataFiles;@418c079
200705 231240.205|INFO|Thread-5|dumpPacket|   key: CONTEST_IDENTIFIER is: java.lang.String Default--8781974562601054211
200705 231240.205|INFO|Thread-5|dumpPacket|   key: CLIENT_ID is: edu.csus.ecs.pc2.core.model.ClientId TEAM339 @ site 1
200705 231240.205|INFO|Thread-5|dumpPacket|   key: PROBLEM_LIST is: [Ledu.csus.ecs.pc2.core.model.Problem; [Ledu.csus.ecs.pc2.core.model.Problem;@7dc912a9
200705 231240.205|INFO|Thread-5|info|handlePacket start Packet[LOGIN_SUCCESS] #63317 SERVER0 @ site 1 -> TEAM339 @ site 1
200705 231240.205|INFO|Thread-5|dumpPacket|Packet LOGIN_SUCCESS (Seq #63317, o#63317 ) handlePacket
200705 231240.205|INFO|Thread-5|dumpPacket|  From: SERVER0 @ site 1, oSERVER0 @ site 1 (CNTT1-ACM1 @ 10.99.3.97) (Contest Id: Default--8781974562601054211)
200705 231240.206|INFO|Thread-5|dumpPacket|    To: TEAM339 @ site 1
200705 231240.206|INFO|Thread-5|dumpPacket|   key: CLARIFICATION_LIST is: [Ledu.csus.ecs.pc2.core.model.Clarification; [Ledu.csus.ecs.pc2.core.model.Clarification;@6d33a4e8
200705 231240.206|INFO|Thread-5|dumpPacket|   key: JUDGEMENT_LIST is: [Ledu.csus.ecs.pc2.core.model.Judgement; [Ledu.csus.ecs.pc2.core.model.Judgement;@63f4473e
200705 231240.206|INFO|Thread-5|dumpPacket|   key: GENERAL_PROBLEM is: edu.csus.ecs.pc2.core.model.Problem General
200705 231240.206|INFO|Thread-5|dumpPacket|   key: LANGUAGE_LIST is: [Ledu.csus.ecs.pc2.core.model.Language; [Ledu.csus.ecs.pc2.core.model.Language;@67cbcf98
200705 231240.207|INFO|Thread-5|dumpPacket|   key: SITE_LIST is: [Ledu.csus.ecs.pc2.core.model.Site; [Ledu.csus.ecs.pc2.core.model.Site;@22c94d05
200705 231240.207|INFO|Thread-5|dumpPacket|   key: GROUP_LIST is: [Ledu.csus.ecs.pc2.core.model.Group; [Ledu.csus.ecs.pc2.core.model.Group;@52adb950
200705 231240.207|INFO|Thread-5|dumpPacket|   key: CONTEST_TIME_LIST is: [Ledu.csus.ecs.pc2.core.model.ContestTime; [Ledu.csus.ecs.pc2.core.model.ContestTime;@13a1c98c
200705 231240.207|INFO|Thread-5|dumpPacket|   key: CONTEST_INFORMATION is: edu.csus.ecs.pc2.core.model.ContestInformation edu.csus.ecs.pc2.core.model.ContestInformation@2a2f636f
200705 231240.207|INFO|Thread-5|dumpPacket|   key: CONTEST_TIME is: edu.csus.ecs.pc2.core.model.ContestTime edu.csus.ecs.pc2.core.model.ContestTime@42e6b24a
200705 231240.207|INFO|Thread-5|dumpPacket|   key: REMOTE_LOGGED_IN_USERS is: [Ledu.csus.ecs.pc2.core.model.ClientId; [Ledu.csus.ecs.pc2.core.model.ClientId;@7dbef47f
200705 231240.207|INFO|Thread-5|dumpPacket|   key: CONNECTION_HANDLE_ID_LIST is: [Ledu.csus.ecs.pc2.core.transport.ConnectionHandlerID; [Ledu.csus.ecs.pc2.core.transport.ConnectionHandlerID;@60ceafed
200705 231240.207|INFO|Thread-5|dumpPacket|   key: BALLOON_SETTINGS_LIST is: [Ledu.csus.ecs.pc2.core.model.BalloonSettings; [Ledu.csus.ecs.pc2.core.model.BalloonSettings;@312b8c80
200705 231240.208|INFO|Thread-5|dumpPacket|   key: PROFILE is: edu.csus.ecs.pc2.core.model.Profile Default-5308745562118218649
200705 231240.208|INFO|Thread-5|dumpPacket|   key: RUN_LIST is: [Ledu.csus.ecs.pc2.core.model.Run; [Ledu.csus.ecs.pc2.core.model.Run;@46a80c0d
200705 231240.208|INFO|Thread-5|dumpPacket|   key: PROFILE_LIST is: [Ledu.csus.ecs.pc2.core.model.Profile; [Ledu.csus.ecs.pc2.core.model.Profile;@4cbf15ab
200705 231240.208|INFO|Thread-5|dumpPacket|   key: LOCAL_LOGGED_IN_USERS is: [Ledu.csus.ecs.pc2.core.model.ClientId; [Ledu.csus.ecs.pc2.core.model.ClientId;@591b6a16
200705 231240.208|INFO|Thread-5|dumpPacket|   key: ACCOUNT_ARRAY is: [Ledu.csus.ecs.pc2.core.model.Account; [Ledu.csus.ecs.pc2.core.model.Account;@34b9a239
200705 231240.208|INFO|Thread-5|dumpPacket|   key: CLIENT_SETTINGS_LIST is: [Ledu.csus.ecs.pc2.core.model.ClientSettings; [Ledu.csus.ecs.pc2.core.model.ClientSettings;@327718c7
200705 231240.208|INFO|Thread-5|dumpPacket|   key: SITE_NUMBER is: java.lang.Integer 1
200705 231240.208|INFO|Thread-5|dumpPacket|   key: SERVER_CLOCK_OFFSET is: java.util.GregorianCalendar java.util.GregorianCalendar[time=1593965560916,areFieldsSet=true,areAllFieldsSet=false,lenient=true,zone=sun.util.calendar.ZoneInfo[id="GMT",offset=0,dstSavings=0,useDaylight=false,transitions=0,lastRule=null],firstDayOfWeek=1,minimalDaysInFirstWeek=1,ERA=1,YEAR=2020,MONTH=6,WEEK_OF_YEAR=28,WEEK_OF_MONTH=2,DAY_OF_MONTH=5,DAY_OF_YEAR=187,DAY_OF_WEEK=1,DAY_OF_WEEK_IN_MONTH=1,AM_PM=1,HOUR=4,HOUR_OF_DAY=16,MINUTE=12,SECOND=40,MILLISECOND=916,ZONE_OFFSET=0,DST_OFFSET=0]
200705 231240.209|INFO|Thread-5|dumpPacket|   key: CATEGORY_LIST is: [Ledu.csus.ecs.pc2.core.model.Category; [Ledu.csus.ecs.pc2.core.model.Category;@6d1516f
200705 231240.209|INFO|Thread-5|dumpPacket|   key: PROBLEM_DATA_FILES is: [Ledu.csus.ecs.pc2.core.model.ProblemDataFiles; [Ledu.csus.ecs.pc2.core.model.ProblemDataFiles;@418c079
200705 231240.209|INFO|Thread-5|dumpPacket|   key: CONTEST_IDENTIFIER is: java.lang.String Default--8781974562601054211
200705 231240.209|INFO|Thread-5|dumpPacket|   key: CLIENT_ID is: edu.csus.ecs.pc2.core.model.ClientId TEAM339 @ site 1
200705 231240.209|INFO|Thread-5|dumpPacket|   key: PROBLEM_LIST is: [Ledu.csus.ecs.pc2.core.model.Problem; [Ledu.csus.ecs.pc2.core.model.Problem;@7dc912a9
200705 231253.032|INFO|Thread-7|run|send(Serializable)
200705 231254.512|INFO|Thread-1|receive|public void receive(SealedObject TransportPacket, ConnectionHandlerID connectionHandlerID)
200705 231259.726|INFO|Thread-1|receive|public void receive(SealedObject TransportPacket, ConnectionHandlerID connectionHandlerID)
200706 094000.778|CONFIG|AWT-EventQueue-0|setFileHandlers|Now logging to C:\Users\Pham Thanh\Desktop\CTGL&GT\pc2Client\bin\logs directory.
200706 094000.780|INFO|AWT-EventQueue-0|info|
200706 094000.780|INFO|AWT-EventQueue-0|info|Version 9.6.0 20190102 (Wednesday, January 2nd 2019 01:20 UTC) Java ver 1.8.0_251 build 5102 Windows 10 10.0 (amd64) 
200706 094000.780|INFO|AWT-EventQueue-0|info|Login: 0339 (aka team339)
200706 094000.780|INFO|AWT-EventQueue-0|startLog|Working directory is C:\Users\Pham Thanh\Desktop\CTGL&GT\pc2Client\bin
200706 094000.781|INFO|AWT-EventQueue-0|startLog|Process id is 5736@DESKTOP-3OGIROS
200706 094000.782|INFO|AWT-EventQueue-0|info|Contacting server at 203.162.88.119:53002 as TEAM339 @ site 0
200706 094000.782|INFO|AWT-EventQueue-0|info|sendLoginRequest start - sending from TEAM339 @ site 0
200706 094000.789|INFO|AWT-EventQueue-0|sendToLocalServer|Sending packet to server Packet[LOGIN_REQUEST] #1 TEAM339 @ site 0 -> SERVER0 @ site 0
200706 094000.791|INFO|Thread-4|run|send(Serializable)
200706 094000.793|INFO|AWT-EventQueue-0|sendToLocalServer|Sent    packet to server Packet[LOGIN_REQUEST] #1 TEAM339 @ site 0 -> SERVER0 @ site 0
200706 094000.793|INFO|AWT-EventQueue-0|info|sendLoginRequest end - packet sent.
200706 094000.891|INFO|Thread-1|receive|public void receive(SealedObject TransportPacket, ConnectionHandlerID connectionHandlerID)
200706 094000.986|INFO|Thread-5|info| receiveObject(S) start got Packet[LOGIN_SUCCESS] #64084 SERVER0 @ site 1 -> TEAM339 @ site 1
200706 094000.986|INFO|Thread-5|dumpPacket|Packet LOGIN_SUCCESS (Seq #64084, o#64084 ) recieveObject
200706 094000.987|INFO|Thread-5|dumpPacket|  From: SERVER0 @ site 1, oSERVER0 @ site 1 (CNTT1-ACM1 @ 10.99.3.97) (Contest Id: Default--8781974562601054211)
200706 094000.987|INFO|Thread-5|dumpPacket|    To: TEAM339 @ site 1
200706 094000.987|INFO|Thread-5|dumpPacket|   key: CLARIFICATION_LIST is: [Ledu.csus.ecs.pc2.core.model.Clarification; [Ledu.csus.ecs.pc2.core.model.Clarification;@62d1c7aa
200706 094000.987|INFO|Thread-5|dumpPacket|   key: JUDGEMENT_LIST is: [Ledu.csus.ecs.pc2.core.model.Judgement; [Ledu.csus.ecs.pc2.core.model.Judgement;@6c163580
200706 094000.987|INFO|Thread-5|dumpPacket|   key: GENERAL_PROBLEM is: edu.csus.ecs.pc2.core.model.Problem General
200706 094000.987|INFO|Thread-5|dumpPacket|   key: LANGUAGE_LIST is: [Ledu.csus.ecs.pc2.core.model.Language; [Ledu.csus.ecs.pc2.core.model.Language;@6829acda
200706 094000.987|INFO|Thread-5|dumpPacket|   key: SITE_LIST is: [Ledu.csus.ecs.pc2.core.model.Site; [Ledu.csus.ecs.pc2.core.model.Site;@2d2b3fbb
200706 094000.988|INFO|Thread-5|dumpPacket|   key: GROUP_LIST is: [Ledu.csus.ecs.pc2.core.model.Group; [Ledu.csus.ecs.pc2.core.model.Group;@412b5123
200706 094000.988|INFO|Thread-5|dumpPacket|   key: CONTEST_TIME_LIST is: [Ledu.csus.ecs.pc2.core.model.ContestTime; [Ledu.csus.ecs.pc2.core.model.ContestTime;@1cccd6b3
200706 094000.988|INFO|Thread-5|dumpPacket|   key: CONTEST_INFORMATION is: edu.csus.ecs.pc2.core.model.ContestInformation edu.csus.ecs.pc2.core.model.ContestInformation@3926e68c
200706 094000.988|INFO|Thread-5|dumpPacket|   key: CONTEST_TIME is: edu.csus.ecs.pc2.core.model.ContestTime edu.csus.ecs.pc2.core.model.ContestTime@4d04c0f4
200706 094000.989|INFO|Thread-5|dumpPacket|   key: REMOTE_LOGGED_IN_USERS is: [Ledu.csus.ecs.pc2.core.model.ClientId; [Ledu.csus.ecs.pc2.core.model.ClientId;@56bd223e
200706 094000.989|INFO|Thread-5|dumpPacket|   key: CONNECTION_HANDLE_ID_LIST is: [Ledu.csus.ecs.pc2.core.transport.ConnectionHandlerID; [Ledu.csus.ecs.pc2.core.transport.ConnectionHandlerID;@2cbe1f14
200706 094000.989|INFO|Thread-5|dumpPacket|   key: BALLOON_SETTINGS_LIST is: [Ledu.csus.ecs.pc2.core.model.BalloonSettings; [Ledu.csus.ecs.pc2.core.model.BalloonSettings;@22228e89
200706 094000.989|INFO|Thread-5|dumpPacket|   key: PROFILE is: edu.csus.ecs.pc2.core.model.Profile Default-5308745562118218649
200706 094000.990|INFO|Thread-5|dumpPacket|   key: RUN_LIST is: [Ledu.csus.ecs.pc2.core.model.Run; [Ledu.csus.ecs.pc2.core.model.Run;@494af959
200706 094000.990|INFO|Thread-5|dumpPacket|   key: PROFILE_LIST is: [Ledu.csus.ecs.pc2.core.model.Profile; [Ledu.csus.ecs.pc2.core.model.Profile;@76599e9c
200706 094000.990|INFO|Thread-5|dumpPacket|   key: LOCAL_LOGGED_IN_USERS is: [Ledu.csus.ecs.pc2.core.model.ClientId; [Ledu.csus.ecs.pc2.core.model.ClientId;@2ac369fc
200706 094000.990|INFO|Thread-5|dumpPacket|   key: ACCOUNT_ARRAY is: [Ledu.csus.ecs.pc2.core.model.Account; [Ledu.csus.ecs.pc2.core.model.Account;@1c23eceb
200706 094000.990|INFO|Thread-5|dumpPacket|   key: CLIENT_SETTINGS_LIST is: [Ledu.csus.ecs.pc2.core.model.ClientSettings; [Ledu.csus.ecs.pc2.core.model.ClientSettings;@23d5e07
200706 094000.991|INFO|Thread-5|dumpPacket|   key: SITE_NUMBER is: java.lang.Integer 1
200706 094000.991|INFO|Thread-5|dumpPacket|   key: SERVER_CLOCK_OFFSET is: java.util.GregorianCalendar java.util.GregorianCalendar[time=1594003200866,areFieldsSet=true,areAllFieldsSet=false,lenient=true,zone=sun.util.calendar.ZoneInfo[id="GMT",offset=0,dstSavings=0,useDaylight=false,transitions=0,lastRule=null],firstDayOfWeek=1,minimalDaysInFirstWeek=1,ERA=1,YEAR=2020,MONTH=6,WEEK_OF_YEAR=28,WEEK_OF_MONTH=2,DAY_OF_MONTH=6,DAY_OF_YEAR=188,DAY_OF_WEEK=2,DAY_OF_WEEK_IN_MONTH=1,AM_PM=0,HOUR=2,HOUR_OF_DAY=2,MINUTE=40,SECOND=0,MILLISECOND=866,ZONE_OFFSET=0,DST_OFFSET=0]
200706 094000.991|INFO|Thread-5|dumpPacket|   key: CATEGORY_LIST is: [Ledu.csus.ecs.pc2.core.model.Category; [Ledu.csus.ecs.pc2.core.model.Category;@382a9da2
200706 094000.992|INFO|Thread-5|dumpPacket|   key: PROBLEM_DATA_FILES is: [Ledu.csus.ecs.pc2.core.model.ProblemDataFiles; [Ledu.csus.ecs.pc2.core.model.ProblemDataFiles;@9179fd2
200706 094000.992|INFO|Thread-5|dumpPacket|   key: CONTEST_IDENTIFIER is: java.lang.String Default--8781974562601054211
200706 094000.992|INFO|Thread-5|dumpPacket|   key: CLIENT_ID is: edu.csus.ecs.pc2.core.model.ClientId TEAM339 @ site 1
200706 094000.992|INFO|Thread-5|dumpPacket|   key: PROBLEM_LIST is: [Ledu.csus.ecs.pc2.core.model.Problem; [Ledu.csus.ecs.pc2.core.model.Problem;@a507eaf
200706 094000.992|INFO|Thread-5|info|handlePacket start Packet[LOGIN_SUCCESS] #64084 SERVER0 @ site 1 -> TEAM339 @ site 1
200706 094000.993|INFO|Thread-5|dumpPacket|Packet LOGIN_SUCCESS (Seq #64084, o#64084 ) handlePacket
200706 094000.993|INFO|Thread-5|dumpPacket|  From: SERVER0 @ site 1, oSERVER0 @ site 1 (CNTT1-ACM1 @ 10.99.3.97) (Contest Id: Default--8781974562601054211)
200706 094000.993|INFO|Thread-5|dumpPacket|    To: TEAM339 @ site 1
200706 094000.993|INFO|Thread-5|dumpPacket|   key: CLARIFICATION_LIST is: [Ledu.csus.ecs.pc2.core.model.Clarification; [Ledu.csus.ecs.pc2.core.model.Clarification;@62d1c7aa
200706 094000.993|INFO|Thread-5|dumpPacket|   key: JUDGEMENT_LIST is: [Ledu.csus.ecs.pc2.core.model.Judgement; [Ledu.csus.ecs.pc2.core.model.Judgement;@6c163580
200706 094000.994|INFO|Thread-5|dumpPacket|   key: GENERAL_PROBLEM is: edu.csus.ecs.pc2.core.model.Problem General
200706 094000.994|INFO|Thread-5|dumpPacket|   key: LANGUAGE_LIST is: [Ledu.csus.ecs.pc2.core.model.Language; [Ledu.csus.ecs.pc2.core.model.Language;@6829acda
200706 094000.994|INFO|Thread-5|dumpPacket|   key: SITE_LIST is: [Ledu.csus.ecs.pc2.core.model.Site; [Ledu.csus.ecs.pc2.core.model.Site;@2d2b3fbb
200706 094000.994|INFO|Thread-5|dumpPacket|   key: GROUP_LIST is: [Ledu.csus.ecs.pc2.core.model.Group; [Ledu.csus.ecs.pc2.core.model.Group;@412b5123
200706 094000.995|INFO|Thread-5|dumpPacket|   key: CONTEST_TIME_LIST is: [Ledu.csus.ecs.pc2.core.model.ContestTime; [Ledu.csus.ecs.pc2.core.model.ContestTime;@1cccd6b3
200706 094000.995|INFO|Thread-5|dumpPacket|   key: CONTEST_INFORMATION is: edu.csus.ecs.pc2.core.model.ContestInformation edu.csus.ecs.pc2.core.model.ContestInformation@3926e68c
200706 094000.995|INFO|Thread-5|dumpPacket|   key: CONTEST_TIME is: edu.csus.ecs.pc2.core.model.ContestTime edu.csus.ecs.pc2.core.model.ContestTime@4d04c0f4
200706 094000.995|INFO|Thread-5|dumpPacket|   key: REMOTE_LOGGED_IN_USERS is: [Ledu.csus.ecs.pc2.core.model.ClientId; [Ledu.csus.ecs.pc2.core.model.ClientId;@56bd223e
200706 094000.995|INFO|Thread-5|dumpPacket|   key: CONNECTION_HANDLE_ID_LIST is: [Ledu.csus.ecs.pc2.core.transport.ConnectionHandlerID; [Ledu.csus.ecs.pc2.core.transport.ConnectionHandlerID;@2cbe1f14
200706 094000.995|INFO|Thread-5|dumpPacket|   key: BALLOON_SETTINGS_LIST is: [Ledu.csus.ecs.pc2.core.model.BalloonSettings; [Ledu.csus.ecs.pc2.core.model.BalloonSettings;@22228e89
200706 094000.996|INFO|Thread-5|dumpPacket|   key: PROFILE is: edu.csus.ecs.pc2.core.model.Profile Default-5308745562118218649
200706 094000.996|INFO|Thread-5|dumpPacket|   key: RUN_LIST is: [Ledu.csus.ecs.pc2.core.model.Run; [Ledu.csus.ecs.pc2.core.model.Run;@494af959
200706 094000.996|INFO|Thread-5|dumpPacket|   key: PROFILE_LIST is: [Ledu.csus.ecs.pc2.core.model.Profile; [Ledu.csus.ecs.pc2.core.model.Profile;@76599e9c
200706 094000.996|INFO|Thread-5|dumpPacket|   key: LOCAL_LOGGED_IN_USERS is: [Ledu.csus.ecs.pc2.core.model.ClientId; [Ledu.csus.ecs.pc2.core.model.ClientId;@2ac369fc
200706 094000.996|INFO|Thread-5|dumpPacket|   key: ACCOUNT_ARRAY is: [Ledu.csus.ecs.pc2.core.model.Account; [Ledu.csus.ecs.pc2.core.model.Account;@1c23eceb
200706 094000.996|INFO|Thread-5|dumpPacket|   key: CLIENT_SETTINGS_LIST is: [Ledu.csus.ecs.pc2.core.model.ClientSettings; [Ledu.csus.ecs.pc2.core.model.ClientSettings;@23d5e07
200706 094000.996|INFO|Thread-5|dumpPacket|   key: SITE_NUMBER is: java.lang.Integer 1
200706 094000.997|INFO|Thread-5|dumpPacket|   key: SERVER_CLOCK_OFFSET is: java.util.GregorianCalendar java.util.GregorianCalendar[time=1594003200866,areFieldsSet=true,areAllFieldsSet=false,lenient=true,zone=sun.util.calendar.ZoneInfo[id="GMT",offset=0,dstSavings=0,useDaylight=false,transitions=0,lastRule=null],firstDayOfWeek=1,minimalDaysInFirstWeek=1,ERA=1,YEAR=2020,MONTH=6,WEEK_OF_YEAR=28,WEEK_OF_MONTH=2,DAY_OF_MONTH=6,DAY_OF_YEAR=188,DAY_OF_WEEK=2,DAY_OF_WEEK_IN_MONTH=1,AM_PM=0,HOUR=2,HOUR_OF_DAY=2,MINUTE=40,SECOND=0,MILLISECOND=866,ZONE_OFFSET=0,DST_OFFSET=0]
200706 094000.997|INFO|Thread-5|dumpPacket|   key: CATEGORY_LIST is: [Ledu.csus.ecs.pc2.core.model.Category; [Ledu.csus.ecs.pc2.core.model.Category;@382a9da2
200706 094000.997|INFO|Thread-5|dumpPacket|   key: PROBLEM_DATA_FILES is: [Ledu.csus.ecs.pc2.core.model.ProblemDataFiles; [Ledu.csus.ecs.pc2.core.model.ProblemDataFiles;@9179fd2
200706 094000.997|INFO|Thread-5|dumpPacket|   key: CONTEST_IDENTIFIER is: java.lang.String Default--8781974562601054211
200706 094000.997|INFO|Thread-5|dumpPacket|   key: CLIENT_ID is: edu.csus.ecs.pc2.core.model.ClientId TEAM339 @ site 1
200706 094000.997|INFO|Thread-5|dumpPacket|   key: PROBLEM_LIST is: [Ledu.csus.ecs.pc2.core.model.Problem; [Ledu.csus.ecs.pc2.core.model.Problem;@a507eaf
200706 094017.280|INFO|Thread-7|run|send(Serializable)
200706 094018.696|INFO|Thread-1|receive|public void receive(SealedObject TransportPacket, ConnectionHandlerID connectionHandlerID)
200706 094025.935|INFO|Thread-1|receive|public void receive(SealedObject TransportPacket, ConnectionHandlerID connectionHandlerID)
200706 100342.034|INFO|Thread-10|run|send(Serializable)
200706 100343.486|INFO|Thread-1|receive|public void receive(SealedObject TransportPacket, ConnectionHandlerID connectionHandlerID)
200706 100349.324|INFO|Thread-1|receive|public void receive(SealedObject TransportPacket, ConnectionHandlerID connectionHandlerID)
200706 101829.186|INFO|Thread-13|run|send(Serializable)
200706 101830.653|INFO|Thread-1|receive|public void receive(SealedObject TransportPacket, ConnectionHandlerID connectionHandlerID)
200706 101836.132|INFO|Thread-1|receive|public void receive(SealedObject TransportPacket, ConnectionHandlerID connectionHandlerID)
